/var/spool/pbs/mom_priv/jobs/18290.masternode.ifi.unicamp.br.SC: line 9: /home/sw/masternode/intel/2015/install/composerxe/bin/compilervars$: No such file or directory
/var/spool/pbs/mom_priv/jobs/18290.masternode.ifi.unicamp.br.SC: line 10: /home/sw/masternode/intel/2015/install/mpi/impi/5.1.2.150/bin64/mp$: No such file or directory
PANDA -- facet enumeration with adjacency decomposition
Processing #1 of at least 1 class
Fourier-Motzkin Elimination step 416 / 2048: 14915
Fourier-Motzkin Elimination step 417 / 2048: 22086
Fourier-Motzkin Elimination step 418 / 2048: 18482
Fourier-Motzkin Elimination step 419 / 2048: 25758
Fourier-Motzkin Elimination step 420 / 2048: 20608
Fourier-Motzkin Elimination step 421 / 2048: 25528
Fourier-Motzkin Elimination step 422 / 2048: 18634
Fourier-Motzkin Elimination step 423 / 2048: 24466
Fourier-Motzkin Elimination step 424 / 2048: 23067
Fourier-Motzkin Elimination step 425 / 2048: 29241
Fourier-Motzkin Elimination step 426 / 2048: 26369
Fourier-Motzkin Elimination step 427 / 2048: 31048
Fourier-Motzkin Elimination step 428 / 2048: 25324
Fourier-Motzkin Elimination step 429 / 2048: 27760
Fourier-Motzkin Elimination step 430 / 2048: 21827
Fourier-Motzkin Elimination step 431 / 2048: 27569
Fourier-Motzkin Elimination step 432 / 2048: 31150
Fourier-Motzkin Elimination step 433 / 2048: 36994
Fourier-Motzkin Elimination step 434 / 2048: 38810
Fourier-Motzkin Elimination step 435 / 2048: 38538
Fourier-Motzkin Elimination step 436 / 2048: 36457
Fourier-Motzkin Elimination step 437 / 2048: 34408
Fourier-Motzkin Elimination step 438 / 2048: 30477
Fourier-Motzkin Elimination step 439 / 2048: 34582
Fourier-Motzkin Elimination step 440 / 2048: 36555
Fourier-Motzkin Elimination step 441 / 2048: 39979
Fourier-Motzkin Elimination step 442 / 2048: 39934
Fourier-Motzkin Elimination step 443 / 2048: 38382
Fourier-Motzkin Elimination step 444 / 2048: 35681
Fourier-Motzkin Elimination step 445 / 2048: 32531
Fourier-Motzkin Elimination step 446 / 2048: 28304
Fourier-Motzkin Elimination step 447 / 2048: 33529
Fourier-Motzkin Elimination step 448 / 2048: 35969
Fourier-Motzkin Elimination step 449 / 2048: 40176
Fourier-Motzkin Elimination step 450 / 2048: 39682
Fourier-Motzkin Elimination step 451 / 2048: 37481
Fourier-Motzkin Elimination step 452 / 2048: 33549
Fourier-Motzkin Elimination step 453 / 2048: 30368
Fourier-Motzkin Elimination step 454 / 2048: 25817
Fourier-Motzkin Elimination step 455 / 2048: 28229
Fourier-Motzkin Elimination step 456 / 2048: 28955
Fourier-Motzkin Elimination step 457 / 2048: 31630
Fourier-Motzkin Elimination step 458 / 2048: 31558
Fourier-Motzkin Elimination step 459 / 2048: 28842
Fourier-Motzkin Elimination step 460 / 2048: 25675
Fourier-Motzkin Elimination step 461 / 2048: 23369
Fourier-Motzkin Elimination step 462 / 2048: 20636
Fourier-Motzkin Elimination step 463 / 2048: 24738
Fourier-Motzkin Elimination step 464 / 2048: 23604
Fourier-Motzkin Elimination step 465 / 2048: 29699
Fourier-Motzkin Elimination step 466 / 2048: 26960
Fourier-Motzkin Elimination step 467 / 2048: 30651
Fourier-Motzkin Elimination step 468 / 2048: 28529
Fourier-Motzkin Elimination step 469 / 2048: 33564
Fourier-Motzkin Elimination step 470 / 2048: 29780
Fourier-Motzkin Elimination step 471 / 2048: 32871
Fourier-Motzkin Elimination step 472 / 2048: 31742
Fourier-Motzkin Elimination step 473 / 2048: 33944
Fourier-Motzkin Elimination step 474 / 2048: 31934
Fourier-Motzkin Elimination step 475 / 2048: 34294
Fourier-Motzkin Elimination step 476 / 2048: 32386
Fourier-Motzkin Elimination step 477 / 2048: 33415
Fourier-Motzkin Elimination step 478 / 2048: 30507
Fourier-Motzkin Elimination step 479 / 2048: 35145
Fourier-Motzkin Elimination step 480 / 2048: 32818
Fourier-Motzkin Elimination step 481 / 2048: 38502
Fourier-Motzkin Elimination step 482 / 2048: 34410
Fourier-Motzkin Elimination step 483 / 2048: 38202
Fourier-Motzkin Elimination step 484 / 2048: 35299
Fourier-Motzkin Elimination step 485 / 2048: 39768
Fourier-Motzkin Elimination step 486 / 2048: 34990
Fourier-Motzkin Elimination step 487 / 2048: 37191
Fourier-Motzkin Elimination step 488 / 2048: 34746
Fourier-Motzkin Elimination step 489 / 2048: 36514
Fourier-Motzkin Elimination step 490 / 2048: 34728
Fourier-Motzkin Elimination step 491 / 2048: 36033
Fourier-Motzkin Elimination step 492 / 2048: 33342
Fourier-Motzkin Elimination step 493 / 2048: 33935
Fourier-Motzkin Elimination step 494 / 2048: 31514
Fourier-Motzkin Elimination step 495 / 2048: 32585
Fourier-Motzkin Elimination step 496 / 2048: 32432
Fourier-Motzkin Elimination step 497 / 2048: 33537
Fourier-Motzkin Elimination step 498 / 2048: 32953
Fourier-Motzkin Elimination step 499 / 2048: 32838
Fourier-Motzkin Elimination step 500 / 2048: 31723
Fourier-Motzkin Elimination step 501 / 2048: 31565
Fourier-Motzkin Elimination step 502 / 2048: 30008
Fourier-Motzkin Elimination step 503 / 2048: 29872
Fourier-Motzkin Elimination step 504 / 2048: 28775
Fourier-Motzkin Elimination step 505 / 2048: 28170
Fourier-Motzkin Elimination step 506 / 2048: 26863
Fourier-Motzkin Elimination step 507 / 2048: 26079
Fourier-Motzkin Elimination step 508 / 2048: 24570
Fourier-Motzkin Elimination step 509 / 2048: 23229
Fourier-Motzkin Elimination step 512 / 2048: 20649
Fourier-Motzkin Elimination step 534 / 2048: 19941
Fourier-Motzkin Elimination step 535 / 2048: 20746
Fourier-Motzkin Elimination step 536 / 2048: 22014
Fourier-Motzkin Elimination step 537 / 2048: 15805
Fourier-Motzkin Elimination step 538 / 2048: 22172
Fourier-Motzkin Elimination step 539 / 2048: 15805
Fourier-Motzkin Elimination step 540 / 2048: 32609
Fourier-Motzkin Elimination step 541 / 2048: 32422
Fourier-Motzkin Elimination step 542 / 2048: 45725
Fourier-Motzkin Elimination step 543 / 2048: 28828
Fourier-Motzkin Elimination step 544 / 2048: 47444
Fourier-Motzkin Elimination step 545 / 2048: 40184
Fourier-Motzkin Elimination step 546 / 2048: 51790
Fourier-Motzkin Elimination step 547 / 2048: 29956
Fourier-Motzkin Elimination step 548 / 2048: 36641
Fourier-Motzkin Elimination step 549 / 2048: 31457
Fourier-Motzkin Elimination step 550 / 2048: 61845
Fourier-Motzkin Elimination step 551 / 2048: 51746
Fourier-Motzkin Elimination step 552 / 2048: 51938
Fourier-Motzkin Elimination step 553 / 2048: 34739
Fourier-Motzkin Elimination step 554 / 2048: 48070
Fourier-Motzkin Elimination step 555 / 2048: 32926
Fourier-Motzkin Elimination step 556 / 2048: 35686
Fourier-Motzkin Elimination step 557 / 2048: 35686
Fourier-Motzkin Elimination step 558 / 2048: 53415
Fourier-Motzkin Elimination step 559 / 2048: 52775
Fourier-Motzkin Elimination step 560 / 2048: 53729
Fourier-Motzkin Elimination step 561 / 2048: 36965
Fourier-Motzkin Elimination step 562 / 2048: 63499
Fourier-Motzkin Elimination step 563 / 2048: 72606
Fourier-Motzkin Elimination step 564 / 2048: 188151
Fourier-Motzkin Elimination step 565 / 2048: 188823
Fourier-Motzkin Elimination step 566 / 2048: 197782
Fourier-Motzkin Elimination step 567 / 2048: 160106
Fourier-Motzkin Elimination step 568 / 2048: 170907
Fourier-Motzkin Elimination step 569 / 2048: 125777
Fourier-Motzkin Elimination step 570 / 2048: 213746
Fourier-Motzkin Elimination step 571 / 2048: 191670
Fourier-Motzkin Elimination step 572 / 2048: 255685
Fourier-Motzkin Elimination step 573 / 2048: 179504
Fourier-Motzkin Elimination step 574 / 2048: 250478
Fourier-Motzkin Elimination step 575 / 2048: 201013
Fourier-Motzkin Elimination step 576 / 2048: 240994
Fourier-Motzkin Elimination step 577 / 2048: 148683
Fourier-Motzkin Elimination step 578 / 2048: 168743
Fourier-Motzkin Elimination step 579 / 2048: 154200
Fourier-Motzkin Elimination step 580 / 2048: 182483
Fourier-Motzkin Elimination step 581 / 2048: 166990
Fourier-Motzkin Elimination step 582 / 2048: 156484
Fourier-Motzkin Elimination step 583 / 2048: 115481
Fourier-Motzkin Elimination step 584 / 2048: 106276
Fourier-Motzkin Elimination step 585 / 2048: 77905
Fourier-Motzkin Elimination step 586 / 2048: 86140
Fourier-Motzkin Elimination step 587 / 2048: 135230
Fourier-Motzkin Elimination step 588 / 2048: 89259
Fourier-Motzkin Elimination step 589 / 2048: 184745
Fourier-Motzkin Elimination step 590 / 2048: 149761
Fourier-Motzkin Elimination step 591 / 2048: 206552
Fourier-Motzkin Elimination step 592 / 2048: 101398
Fourier-Motzkin Elimination step 593 / 2048: 142964
Fourier-Motzkin Elimination step 594 / 2048: 150276
Fourier-Motzkin Elimination step 595 / 2048: 153936
Fourier-Motzkin Elimination step 596 / 2048: 149190
Fourier-Motzkin Elimination step 597 / 2048: 112862
Fourier-Motzkin Elimination step 598 / 2048: 177339
Fourier-Motzkin Elimination step 599 / 2048: 112862
Fourier-Motzkin Elimination step 600 / 2048: 246246
Fourier-Motzkin Elimination step 601 / 2048: 216895
Fourier-Motzkin Elimination step 602 / 2048: 320336
Fourier-Motzkin Elimination step 603 / 2048: 186825
Fourier-Motzkin Elimination step 604 / 2048: 327435
Fourier-Motzkin Elimination step 605 / 2048: 271709
Fourier-Motzkin Elimination step 606 / 2048: 370258
Fourier-Motzkin Elimination step 607 / 2048: 210436
Fourier-Motzkin Elimination step 608 / 2048: 228700
Fourier-Motzkin Elimination step 609 / 2048: 200386
Fourier-Motzkin Elimination step 610 / 2048: 337318
Fourier-Motzkin Elimination step 611 / 2048: 260232
Fourier-Motzkin Elimination step 612 / 2048: 246132
Fourier-Motzkin Elimination step 613 / 2048: 184654
Fourier-Motzkin Elimination step 614 / 2048: 273184
Fourier-Motzkin Elimination step 615 / 2048: 180497
Fourier-Motzkin Elimination step 616 / 2048: 341673
Fourier-Motzkin Elimination step 617 / 2048: 334361
Fourier-Motzkin Elimination step 618 / 2048: 435184
Fourier-Motzkin Elimination step 619 / 2048: 368260
Fourier-Motzkin Elimination step 620 / 2048: 501520
Fourier-Motzkin Elimination step 621 / 2048: 403994
Fourier-Motzkin Elimination step 622 / 2048: 462911
Fourier-Motzkin Elimination step 623 / 2048: 310494
Fourier-Motzkin Elimination step 624 / 2048: 377520
Fourier-Motzkin Elimination step 625 / 2048: 382299
Fourier-Motzkin Elimination step 626 / 2048: 633260
Fourier-Motzkin Elimination step 627 / 2048: 634239
Fourier-Motzkin Elimination step 628 / 2048: 603524
Fourier-Motzkin Elimination step 629 / 2048: 454959
Fourier-Motzkin Elimination step 630 / 2048: 478209
Fourier-Motzkin Elimination step 631 / 2048: 377330
Fourier-Motzkin Elimination step 632 / 2048: 569394
Fourier-Motzkin Elimination step 633 / 2048: 484732
Fourier-Motzkin Elimination step 634 / 2048: 622779
Fourier-Motzkin Elimination step 635 / 2048: 442658
Fourier-Motzkin Elimination step 636 / 2048: 605251
Fourier-Motzkin Elimination step 637 / 2048: 483868
Fourier-Motzkin Elimination step 638 / 2048: 581067
Fourier-Motzkin Elimination step 639 / 2048: 379506
Fourier-Motzkin Elimination step 640 / 2048: 393369
Fourier-Motzkin Elimination step 641 / 2048: 338003
Fourier-Motzkin Elimination step 642 / 2048: 366914
Fourier-Motzkin Elimination step 643 / 2048: 330212
Fourier-Motzkin Elimination step 644 / 2048: 297219
Fourier-Motzkin Elimination step 645 / 2048: 209482
Fourier-Motzkin Elimination step 646 / 2048: 191549
Fourier-Motzkin Elimination step 647 / 2048: 141112
Fourier-Motzkin Elimination step 648 / 2048: 270021
Fourier-Motzkin Elimination step 649 / 2048: 258262
Fourier-Motzkin Elimination step 650 / 2048: 565702
Fourier-Motzkin Elimination step 651 / 2048: 546865
Fourier-Motzkin Elimination step 652 / 2048: 717653
Fourier-Motzkin Elimination step 653 / 2048: 513320
Fourier-Motzkin Elimination step 654 / 2048: 662137
Fourier-Motzkin Elimination step 655 / 2048: 467243
Fourier-Motzkin Elimination step 656 / 2048: 628200
Fourier-Motzkin Elimination step 657 / 2048: 631339
Fourier-Motzkin Elimination step 658 / 2048: 792816
Fourier-Motzkin Elimination step 659 / 2048: 734416
Fourier-Motzkin Elimination step 660 / 2048: 777634
Fourier-Motzkin Elimination step 661 / 2048: 604920
Fourier-Motzkin Elimination step 662 / 2048: 618819
Fourier-Motzkin Elimination step 663 / 2048: 460108
Fourier-Motzkin Elimination step 664 / 2048: 736014
Fourier-Motzkin Elimination step 665 / 2048: 634233
Fourier-Motzkin Elimination step 666 / 2048: 990174
Fourier-Motzkin Elimination step 667 / 2048: 836682
=>> PBS: job killed: walltime 345695 exceeded limit 345600
